  Building Custom Rule C:/Users/User/Desktop/OpenMesh-8.1/OpenMesh-8.1/src/OpenMesh/Apps/Subdivider/commandlineSubdivider/CMakeLists.txt
  subdivider.cc
C:\Users\User\Desktop\OpenMesh-8.1\OpenMesh-8.1\src\OpenMesh/Tools/Subdivider/Uniform/LoopT.hh : warning C4819: 檔案含有無法在目前字碼頁 (950) 中表示的字元。請以 Unicode 格式儲存檔案以防止資料遺失
C:\Users\User\Desktop\OpenMesh-8.1\OpenMesh-8.1\src\OpenMesh/Tools/Subdivider/Uniform/CompositeLoopT.hh : warning C4819: 檔案含有無法在目前字碼頁 (950) 中表示的字元。請以 Unicode 格式儲存檔案以防止資料遺失
c:\users\user\desktop\openmesh-8.1\openmesh-8.1\src\openmesh\core\geometry\Vector11T.hh(240): warning C4244: '*=': 將 'const OtherScalar' 轉換為 '_Ty'，由於類型不同，可能導致資料遺失
          with
          [
              OtherScalar=double
          ]
          and
          [
              _Ty=float
          ]
  C:\Users\User\Desktop\OpenMesh-8.1\OpenMesh-8.1\src\OpenMesh/Tools/Subdivider/Uniform/Sqrt3InterpolatingSubdividerLabsikGreinerT.hh(365): note: 請參閱所要編譯的函式 樣板 具現化 'OpenMesh::VectorT<float,3> &OpenMesh::VectorT<float,3>::operator *=<double>(const OtherScalar &)' 之參考
          with
          [
              OtherScalar=double
          ]
  C:\Users\User\Desktop\OpenMesh-8.1\OpenMesh-8.1\src\OpenMesh/Tools/Subdivider/Uniform/Sqrt3InterpolatingSubdividerLabsikGreinerT.hh(365): note: 請參閱所要編譯的函式 樣板 具現化 'OpenMesh::VectorT<float,3> &OpenMesh::VectorT<float,3>::operator *=<double>(const OtherScalar &)' 之參考
          with
          [
              OtherScalar=double
          ]
  C:\Users\User\Desktop\OpenMesh-8.1\OpenMesh-8.1\src\OpenMesh/Tools/Subdivider/Uniform/Sqrt3InterpolatingSubdividerLabsikGreinerT.hh(197): note: 編譯 類別 樣板 成員函式 'bool OpenMesh::Subdivider::Uniform::InterpolatingSqrt3LGT<Mesh,double>::subdivide(MeshType &,size_t,const bool)' 時
          with
          [
              MeshType=Mesh
          ]
  C:\Users\User\Desktop\OpenMesh-8.1\OpenMesh-8.1\src\OpenMesh\Apps\Subdivider\subdivider.cc(126): note: 查看要編譯的 類別 樣板 具現化 'OpenMesh::Subdivider::Uniform::InterpolatingSqrt3LGT<Mesh,double>' 參考
  C:\Users\User\Desktop\OpenMesh-8.1\OpenMesh-8.1\src\OpenMesh\Apps\Subdivider\subdivider.cc(262): note: 請參閱所要編譯的函式 樣板 具現化 'int mainT<InterpolatingSqrt3LG>(size_t,const std::string &,const std::string &,const OpenMesh::Utils::Timer::Format)' 之參考
c:\users\user\desktop\openmesh-8.1\openmesh-8.1\src\openmesh\core\geometry\Vector11T.hh(252): warning C4244: '/=': 將 'const OtherScalar' 轉換為 '_Ty'，由於類型不同，可能導致資料遺失
          with
          [
              OtherScalar=double
          ]
          and
          [
              _Ty=float
          ]
  C:\Users\User\Desktop\OpenMesh-8.1\OpenMesh-8.1\src\OpenMesh/Tools/Subdivider/Uniform/ModifiedButterFlyT.hh(533): note: 請參閱所要編譯的函式 樣板 具現化 'OpenMesh::VectorT<float,3> &OpenMesh::VectorT<float,3>::operator /=<RealType>(const OtherScalar &)' 之參考
          with
          [
              RealType=double,
              OtherScalar=double
          ]
  C:\Users\User\Desktop\OpenMesh-8.1\OpenMesh-8.1\src\OpenMesh/Tools/Subdivider/Uniform/ModifiedButterFlyT.hh(533): note: 請參閱所要編譯的函式 樣板 具現化 'OpenMesh::VectorT<float,3> &OpenMesh::VectorT<float,3>::operator /=<RealType>(const OtherScalar &)' 之參考
          with
          [
              RealType=double,
              OtherScalar=double
          ]
  C:\Users\User\Desktop\OpenMesh-8.1\OpenMesh-8.1\src\OpenMesh/Tools/Subdivider/Uniform/ModifiedButterFlyT.hh(367): note: 編譯 類別 樣板 成員函式 'void OpenMesh::Subdivider::Uniform::ModifiedButterflyT<Mesh,double>::compute_midpoint(OpenMesh::TriMesh_ArrayKernelT<OpenMesh::DefaultTraits> &,const OpenMesh::EdgeHandle &)' 時
  C:\Users\User\Desktop\OpenMesh-8.1\OpenMesh-8.1\src\OpenMesh/Tools/Subdivider/Uniform/ModifiedButterFlyT.hh(193): note: 請參閱所要編譯的函式 樣板 具現化 'void OpenMesh::Subdivider::Uniform::ModifiedButterflyT<Mesh,double>::compute_midpoint(OpenMesh::TriMesh_ArrayKernelT<OpenMesh::DefaultTraits> &,const OpenMesh::EdgeHandle &)' 之參考
  C:\Users\User\Desktop\OpenMesh-8.1\OpenMesh-8.1\src\OpenMesh\Apps\Subdivider\subdivider.cc(126): note: 查看要編譯的 類別 樣板 具現化 'OpenMesh::Subdivider::Uniform::ModifiedButterflyT<Mesh,double>' 參考
  C:\Users\User\Desktop\OpenMesh-8.1\OpenMesh-8.1\src\OpenMesh\Apps\Subdivider\subdivider.cc(263): note: 請參閱所要編譯的函式 樣板 具現化 'int mainT<ModifiedButterfly>(size_t,const std::string &,const std::string &,const OpenMesh::Utils::Timer::Format)' 之參考
  commandlineSubdivider.vcxproj -> C:\Users\User\Desktop\CmakeOutput\src\OpenMesh\Apps\Subdivider\commandlineSubdivider\Debug\commandlineSubdivider.exe
