  -- fixup_bundle
  --   app='C:/Users/User/Desktop/CmakeOutput/Build/Smoothing.exe'
  --   libs=''
  --   dirs=''
  --   ignoreItems=''
  -- fixup_bundle: preparing...
  -- fixup_bundle: copying...
  -- 1/16: *NOT* copying 'C:/Users/User/Desktop/CmakeOutput/Build/Smoothing.exe'
  -- 2/16: *NOT* copying 'C:/Users/User/Desktop/CmakeOutput/Build/Analyzer.exe'
  -- 3/16: *NOT* copying 'C:/Users/User/Desktop/CmakeOutput/Build/Dualizer.exe'
  -- 4/16: *NOT* copying 'C:/Users/User/Desktop/CmakeOutput/Build/commandlineAdaptiveSubdivider.exe'
  -- 5/16: *NOT* copying 'C:/Users/User/Desktop/CmakeOutput/Build/commandlineDecimater.exe'
  -- 6/16: *NOT* copying 'C:/Users/User/Desktop/CmakeOutput/Build/commandlineSubdivider.exe'
  -- 7/16: *NOT* copying 'C:/Users/User/Desktop/CmakeOutput/Build/mconvert.exe'
  -- 8/16: *NOT* copying 'C:/Users/User/Desktop/CmakeOutput/Build/mkbalancedpm.exe'
  -- fixup_bundle: fixing...
  -- 9/16: fix-up not required on this platform 'C:/Users/User/Desktop/CmakeOutput/Build/Smoothing.exe'
  -- 10/16: fix-up not required on this platform 'C:/Users/User/Desktop/CmakeOutput/Build/Analyzer.exe'
  -- 11/16: fix-up not required on this platform 'C:/Users/User/Desktop/CmakeOutput/Build/Dualizer.exe'
  -- 12/16: fix-up not required on this platform 'C:/Users/User/Desktop/CmakeOutput/Build/commandlineAdaptiveSubdivider.exe'
  -- 13/16: fix-up not required on this platform 'C:/Users/User/Desktop/CmakeOutput/Build/commandlineDecimater.exe'
  -- 14/16: fix-up not required on this platform 'C:/Users/User/Desktop/CmakeOutput/Build/commandlineSubdivider.exe'
  -- 15/16: fix-up not required on this platform 'C:/Users/User/Desktop/CmakeOutput/Build/mconvert.exe'
  -- 16/16: fix-up not required on this platform 'C:/Users/User/Desktop/CmakeOutput/Build/mkbalancedpm.exe'
  -- fixup_bundle: cleaning up...
  -- fixup_bundle: verifying...
  -- ===========================================================================
  -- Analyzing app='C:/Users/User/Desktop/CmakeOutput/Build/Smoothing.exe'
  -- bundle='C:/Users/User/Desktop/CmakeOutput/Build'
  -- executable='C:/Users/User/Desktop/CmakeOutput/Build/Smoothing.exe'
  -- valid='1'
  -- executable file 1: C:/Users/User/Desktop/CmakeOutput/Build/Analyzer.exe
  -- executable file 2: C:/Users/User/Desktop/CmakeOutput/Build/Dualizer.exe
  -- executable file 3: C:/Users/User/Desktop/CmakeOutput/Build/Smoothing.exe
  -- executable file 4: C:/Users/User/Desktop/CmakeOutput/Build/commandlineAdaptiveSubdivider.exe
  -- executable file 5: C:/Users/User/Desktop/CmakeOutput/Build/commandlineDecimater.exe
  -- executable file 6: C:/Users/User/Desktop/CmakeOutput/Build/commandlineSubdivider.exe
  -- executable file 7: C:/Users/User/Desktop/CmakeOutput/Build/mconvert.exe
  -- executable file 8: C:/Users/User/Desktop/CmakeOutput/Build/mkbalancedpm.exe
  -- verified='1'
  -- info='Verified 8 executable files in 'C:/Users/User/Desktop/CmakeOutput/Build''
  -- 
  -- verified='1'
  -- info=''
  -- 
  -- fixup_bundle: done
