  Building Custom Rule C:/Users/User/Desktop/OpenMesh-8.1/OpenMesh-8.1/src/OpenMesh/Apps/Subdivider/commandlineAdaptiveSubdivider/CMakeLists.txt
  adaptive_subdivider.cc
c:\users\user\desktop\openmesh-8.1\openmesh-8.1\src\openmesh\tools\subdivider\adaptive\composite\RulesT_impl.hh(832): warning C4819: 檔案含有無法在目前字碼頁 (950) 中表示的字元。請以 Unicode 格式儲存檔案以防止資料遺失
c:\users\user\desktop\openmesh-8.1\openmesh-8.1\src\openmesh\core\geometry\Vector11T.hh(240): warning C4244: '*=': 將 'const OtherScalar' 轉換為 '_Ty'，由於類型不同，可能導致資料遺失
          with
          [
              OtherScalar=double
          ]
          and
          [
              _Ty=float
          ]
  c:\users\user\desktop\openmesh-8.1\openmesh-8.1\src\openmesh\core\geometry\Vector11T.hh(264): note: 請參閱所要編譯的函式 樣板 具現化 'OpenMesh::VectorT<float,3> &OpenMesh::VectorT<float,3>::operator *=<OtherScalar>(const OtherScalar &)' 之參考
          with
          [
              OtherScalar=double
          ]
  c:\users\user\desktop\openmesh-8.1\openmesh-8.1\src\openmesh\core\geometry\Vector11T.hh(264): note: 請參閱所要編譯的函式 樣板 具現化 'OpenMesh::VectorT<float,3> &OpenMesh::VectorT<float,3>::operator *=<OtherScalar>(const OtherScalar &)' 之參考
          with
          [
              OtherScalar=double
          ]
  c:\users\user\desktop\openmesh-8.1\openmesh-8.1\src\openmesh\tools\subdivider\adaptive\composite\RulesT_impl.hh(605): note: 請參閱所要編譯的函式 樣板 具現化 'OpenMesh::VectorT<float,3> OpenMesh::VectorT<float,3>::operator *<double>(const OtherScalar &) const' 之參考
          with
          [
              OtherScalar=double
          ]
  c:\users\user\desktop\openmesh-8.1\openmesh-8.1\src\openmesh\tools\subdivider\adaptive\composite\RulesT_impl.hh(605): note: 請參閱所要編譯的函式 樣板 具現化 'OpenMesh::VectorT<float,3> OpenMesh::VectorT<float,3>::operator *<double>(const OtherScalar &) const' 之參考
          with
          [
              OtherScalar=double
          ]
  c:\users\user\desktop\openmesh-8.1\openmesh-8.1\src\openmesh\tools\subdivider\adaptive\composite\RulesT_impl.hh(339): note: 編譯 類別 樣板 成員函式 'void OpenMesh::Subdivider::Adaptive::Tvv4<MyMesh>::raise(OpenMesh::FaceHandle &,OpenMesh::Subdivider::Adaptive::state_t)' 時
  c:\users\user\desktop\openmesh-8.1\openmesh-8.1\src\openmesh\tools\subdivider\adaptive\composite\RulesT_impl.hh(668): note: 請參閱所要編譯的函式 樣板 具現化 'void OpenMesh::Subdivider::Adaptive::Tvv4<MyMesh>::raise(OpenMesh::FaceHandle &,OpenMesh::Subdivider::Adaptive::state_t)' 之參考
  C:\Users\User\Desktop\OpenMesh-8.1\OpenMesh-8.1\src\OpenMesh/Tools/Subdivider/Adaptive/Composite/CompositeT.hh(204): note: 查看要編譯的 類別 樣板 具現化 'OpenMesh::Subdivider::Adaptive::Tvv4<MyMesh>' 參考
  C:\Users\User\Desktop\OpenMesh-8.1\OpenMesh-8.1\src\OpenMesh\Apps\Subdivider\adaptive_subdivider.cc(84): note: 請參閱所要編譯的函式 樣板 具現化 'OpenMesh::Subdivider::Adaptive::RuleHandleT<OpenMesh::Subdivider::Adaptive::Tvv4<MyMesh>> OpenMesh::Subdivider::Adaptive::CompositeT<MyMesh>::add<OpenMesh::Subdivider::Adaptive::Tvv4<MyMesh>>(void)' 之參考
  C:\Users\User\Desktop\OpenMesh-8.1\OpenMesh-8.1\src\OpenMesh\Apps\Subdivider\adaptive_subdivider.cc(84): note: 請參閱所要編譯的函式 樣板 具現化 'OpenMesh::Subdivider::Adaptive::RuleHandleT<OpenMesh::Subdivider::Adaptive::Tvv4<MyMesh>> OpenMesh::Subdivider::Adaptive::CompositeT<MyMesh>::add<OpenMesh::Subdivider::Adaptive::Tvv4<MyMesh>>(void)' 之參考
  commandlineAdaptiveSubdivider.vcxproj -> C:\Users\User\Desktop\CmakeOutput\src\OpenMesh\Apps\Subdivider\commandlineAdaptiveSubdivider\Debug\commandlineAdaptiveSubdivider.exe
